[0814/122714:WARNING:quota_manager.cc(1808)] Create directory failed for path
[0814/122714:WARNING:quota_manager.cc(1808)] Create directory failed for path
[0814/122715:WARNING:quota_manager.cc(1808)] Create directory failed for path
[0814/122715:WARNING:quota_manager.cc(1808)] Create directory failed for path
[0814/122715:WARNING:quota_manager.cc(1808)] Create directory failed for path
[0814/122715:WARNING:quota_manager.cc(1808)] Create directory failed for path
[0814/122806:WARNING:quota_manager.cc(1808)] Create directory failed for path
[0814/122806:WARNING:quota_manager.cc(1808)] Create directory failed for path
[0814/122807:WARNING:quota_manager.cc(1808)] Create directory failed for path
[0814/122807:WARNING:quota_manager.cc(1808)] Create directory failed for path
[0814/122807:WARNING:quota_manager.cc(1808)] Create directory failed for path
[0814/122807:WARNING:quota_manager.cc(1808)] Create directory failed for path
[0814/122836:ERROR:ipc_channel_win.cc(217)] pipe error: 109
[0814/122903:WARNING:spdy_session.cc(2427)] Received HEADERS for invalid stream 1
[0814/122903:WARNING:quota_manager.cc(1808)] Create directory failed for path
[0814/122903:WARNING:quota_manager.cc(1808)] Create directory failed for path
[0814/122904:WARNING:quota_manager.cc(1808)] Create directory failed for path
[0814/122904:WARNING:quota_manager.cc(1808)] Create directory failed for path
[0814/122904:WARNING:quota_manager.cc(1808)] Create directory failed for path
[0814/122904:WARNING:quota_manager.cc(1808)] Create directory failed for path
[0814/122906:ERROR:ipc_channel_win.cc(217)] pipe error: 109
[0814/122955:WARNING:quota_manager.cc(1808)] Create directory failed for path
[0814/122955:WARNING:quota_manager.cc(1808)] Create directory failed for path
[0814/122956:WARNING:quota_manager.cc(1808)] Create directory failed for path
[0814/122956:WARNING:quota_manager.cc(1808)] Create directory failed for path
[0814/122956:WARNING:quota_manager.cc(1808)] Create directory failed for path
[0814/122956:WARNING:quota_manager.cc(1808)] Create directory failed for path
[0814/142831:ERROR:ipc_channel_win.cc(519)] pipe error: 232
[0814/143956:ERROR:ipc_channel_win.cc(519)] pipe error: 232
[0814/144833:ERROR:ipc_channel_win.cc(519)] pipe error: 232
[0814/145333:ERROR:ipc_channel_win.cc(217)] pipe error: 109
[0814/152256:ERROR:ipc_channel_win.cc(217)] pipe error: 109
[0814/152518:ERROR:ipc_channel_win.cc(217)] pipe error: 109
[0814/152535:ERROR:ipc_channel_win.cc(217)] pipe error: 109
[0814/153823:ERROR:ipc_channel_win.cc(519)] pipe error: 232
[0819/104913:WARNING:quota_manager.cc(1808)] Create directory failed for path
[0819/104913:WARNING:quota_manager.cc(1808)] Create directory failed for path
[0819/104937:WARNING:quota_manager.cc(1808)] Create directory failed for path
[0819/104937:WARNING:quota_manager.cc(1808)] Create directory failed for path
[0819/104937:WARNING:quota_manager.cc(1808)] Create directory failed for path
[0819/104937:WARNING:quota_manager.cc(1808)] Create directory failed for path
[0819/104937:WARNING:quota_manager.cc(1808)] Create directory failed for path
[0819/104937:WARNING:quota_manager.cc(1808)] Create directory failed for path
[0819/104937:WARNING:quota_manager.cc(1808)] Create directory failed for path
[0819/104937:WARNING:quota_manager.cc(1808)] Create directory failed for path
[0819/104938:WARNING:quota_manager.cc(1808)] Create directory failed for path
[0819/104938:WARNING:quota_manager.cc(1808)] Create directory failed for path
[0819/104938:WARNING:quota_manager.cc(1808)] Create directory failed for path
[0819/104938:WARNING:quota_manager.cc(1808)] Create directory failed for path
[0819/104938:WARNING:quota_manager.cc(1808)] Create directory failed for path
[0819/105141:WARNING:quota_manager.cc(1808)] Create directory failed for path
[0819/105141:WARNING:quota_manager.cc(1808)] Create directory failed for path
[0819/105238:WARNING:quota_manager.cc(1808)] Create directory failed for path
[0819/105238:WARNING:quota_manager.cc(1808)] Create directory failed for path
[0819/105318:WARNING:quota_manager.cc(1808)] Create directory failed for path
[0819/105318:WARNING:quota_manager.cc(1808)] Create directory failed for path
[0819/105417:WARNING:quota_manager.cc(1808)] Create directory failed for path
[0819/105417:WARNING:quota_manager.cc(1808)] Create directory failed for path
[0819/105503:WARNING:quota_manager.cc(1808)] Create directory failed for path
[0819/105503:WARNING:quota_manager.cc(1808)] Create directory failed for path
[0819/105524:WARNING:quota_manager.cc(1808)] Create directory failed for path
[0819/105524:WARNING:quota_manager.cc(1808)] Create directory failed for path
[0819/105539:WARNING:quota_manager.cc(1808)] Create directory failed for path
[0819/105539:WARNING:quota_manager.cc(1808)] Create directory failed for path
[0819/105552:WARNING:quota_manager.cc(1808)] Create directory failed for path
[0819/105552:WARNING:quota_manager.cc(1808)] Create directory failed for path
[0819/105552:WARNING:quota_manager.cc(1808)] Create directory failed for path
[0819/105552:WARNING:quota_manager.cc(1808)] Create directory failed for path
[0819/105552:WARNING:quota_manager.cc(1808)] Create directory failed for path
[0819/105552:WARNING:quota_manager.cc(1808)] Create directory failed for path
[0819/105552:WARNING:quota_manager.cc(1808)] Create directory failed for path
[0819/105552:WARNING:quota_manager.cc(1808)] Create directory failed for path
[0819/105552:WARNING:quota_manager.cc(1808)] Create directory failed for path
[0819/105553:WARNING:quota_manager.cc(1808)] Create directory failed for path
[0819/105553:WARNING:quota_manager.cc(1808)] Create directory failed for path
[0819/105553:WARNING:quota_manager.cc(1808)] Create directory failed for path
[0819/105553:WARNING:quota_manager.cc(1808)] Create directory failed for path
[0819/105557:WARNING:quota_manager.cc(1808)] Create directory failed for path
[0819/105557:WARNING:quota_manager.cc(1808)] Create directory failed for path
[0819/105557:WARNING:quota_manager.cc(1808)] Create directory failed for path
[0819/105557:WARNING:quota_manager.cc(1808)] Create directory failed for path
[0819/105557:WARNING:quota_manager.cc(1808)] Create directory failed for path
[0819/105557:WARNING:quota_manager.cc(1808)] Create directory failed for path
[0819/105557:WARNING:quota_manager.cc(1808)] Create directory failed for path
[0819/105557:WARNING:quota_manager.cc(1808)] Create directory failed for path
[0819/105557:WARNING:quota_manager.cc(1808)] Create directory failed for path
[0819/105558:WARNING:quota_manager.cc(1808)] Create directory failed for path
[0819/105558:WARNING:quota_manager.cc(1808)] Create directory failed for path
[0819/105558:WARNING:quota_manager.cc(1808)] Create directory failed for path
[0819/105558:WARNING:quota_manager.cc(1808)] Create directory failed for path
[0819/105618:WARNING:quota_manager.cc(1808)] Create directory failed for path
[0819/105618:WARNING:quota_manager.cc(1808)] Create directory failed for path
[0819/105821:WARNING:quota_manager.cc(1808)] Create directory failed for path
[0819/105821:WARNING:quota_manager.cc(1808)] Create directory failed for path
[0819/113206:WARNING:quota_manager.cc(1808)] Create directory failed for path
[0819/113206:WARNING:quota_manager.cc(1808)] Create directory failed for path
[0819/113257:WARNING:quota_manager.cc(1808)] Create directory failed for path
[0819/113257:WARNING:quota_manager.cc(1808)] Create directory failed for path
[0819/141419:WARNING:quota_manager.cc(1808)] Create directory failed for path
[0819/141419:WARNING:quota_manager.cc(1808)] Create directory failed for path
[0819/141621:ERROR:ipc_channel_win.cc(217)] pipe error: 109
[0819/141622:ERROR:ipc_channel_win.cc(519)] pipe error: 232
[0819/141622:ERROR:ipc_channel_win.cc(519)] pipe error: 232
[0819/141622:ERROR:ipc_channel_win.cc(217)] pipe error: 109
[0819/142347:WARNING:quota_manager.cc(1808)] Create directory failed for path
[0819/142347:WARNING:quota_manager.cc(1808)] Create directory failed for path
[0819/142414:ERROR:ipc_channel_win.cc(217)] pipe error: 109
[0819/142548:WARNING:quota_manager.cc(1808)] Create directory failed for path
[0819/142548:WARNING:quota_manager.cc(1808)] Create directory failed for path
[0819/162727:WARNING:quota_manager.cc(1808)] Create directory failed for path
[0819/162727:WARNING:quota_manager.cc(1808)] Create directory failed for path
[0819/162752:ERROR:ipc_channel_win.cc(519)] pipe error: 232
[0819/171537:WARNING:quota_manager.cc(1808)] Create directory failed for path
[0819/171537:WARNING:quota_manager.cc(1808)] Create directory failed for path
[0819/180318:ERROR:ipc_channel_win.cc(519)] pipe error: 232
[0826/131421:WARNING:quota_manager.cc(1808)] Create directory failed for path
[0826/131421:WARNING:quota_manager.cc(1808)] Create directory failed for path
[0826/144702:WARNING:quota_manager.cc(1808)] Create directory failed for path
[0826/144702:WARNING:quota_manager.cc(1808)] Create directory failed for path
[0826/144952:WARNING:quota_manager.cc(1808)] Create directory failed for path
[0826/144952:WARNING:quota_manager.cc(1808)] Create directory failed for path
[0826/145022:ERROR:ipc_channel_win.cc(519)] pipe error: 232
[0826/160443:ERROR:ipc_channel_win.cc(217)] pipe error: 109
[0826/161036:ERROR:ipc_channel_win.cc(519)] pipe error: 232
[0826/161048:ERROR:ipc_channel_win.cc(217)] pipe error: 109
[0827/103239:ERROR:ipc_channel_win.cc(519)] pipe error: 232
[0827/151929:WARNING:quota_manager.cc(1808)] Create directory failed for path
[0827/151929:WARNING:quota_manager.cc(1808)] Create directory failed for path
[0827/152101:WARNING:quota_manager.cc(1808)] Create directory failed for path
[0827/152101:WARNING:quota_manager.cc(1808)] Create directory failed for path
[0827/152143:ERROR:ipc_channel_win.cc(217)] pipe error: 109
[0827/152143:ERROR:ipc_channel_win.cc(217)] pipe error: 109
[0827/153716:WARNING:quota_manager.cc(1808)] Create directory failed for path
[0827/153716:WARNING:quota_manager.cc(1808)] Create directory failed for path
[0827/155025:WARNING:quota_manager.cc(1808)] Create directory failed for path
[0827/155025:WARNING:quota_manager.cc(1808)] Create directory failed for path
[0827/155535:WARNING:quota_manager.cc(1808)] Create directory failed for path
[0827/155535:WARNING:quota_manager.cc(1808)] Create directory failed for path
[0827/155705:WARNING:quota_manager.cc(1808)] Create directory failed for path
[0827/155705:WARNING:quota_manager.cc(1808)] Create directory failed for path
[0827/155705:WARNING:quota_manager.cc(1808)] Create directory failed for path
[0827/155705:WARNING:quota_manager.cc(1808)] Create directory failed for path
[0827/155705:WARNING:quota_manager.cc(1808)] Create directory failed for path
[0827/155705:WARNING:quota_manager.cc(1808)] Create directory failed for path
[0827/155705:WARNING:quota_manager.cc(1808)] Create directory failed for path
[0827/155705:WARNING:quota_manager.cc(1808)] Create directory failed for path
[0827/155705:WARNING:quota_manager.cc(1808)] Create directory failed for path
[0827/155705:WARNING:quota_manager.cc(1808)] Create directory failed for path
[0827/155705:WARNING:quota_manager.cc(1808)] Create directory failed for path
[0827/155705:WARNING:quota_manager.cc(1808)] Create directory failed for path
[0827/155705:WARNING:quota_manager.cc(1808)] Create directory failed for path
[0827/160134:WARNING:quota_manager.cc(1808)] Create directory failed for path
[0827/160134:WARNING:quota_manager.cc(1808)] Create directory failed for path
[0827/160701:ERROR:gles2_cmd_decoder.cc(14683)] [.CommandBufferContext.DisplayCompositor-1BF1D368]GL ERROR :GL_INVALID_OPERATION : glCreateAndConsumeTextureCHROMIUM: invalid mailbox name
[0827/160701:ERROR:gles2_cmd_decoder.cc(7857)] [.CommandBufferContext.DisplayCompositor-1BF1D368]RENDER WARNING: texture bound to texture unit 0 is not renderable. It maybe non-power-of-2 and have incompatible texture filtering.
[0827/160701:ERROR:gles2_cmd_decoder.cc(14683)] [.CommandBufferContext.DisplayCompositor-1BF1D368]GL ERROR :GL_INVALID_OPERATION : glCreateAndConsumeTextureCHROMIUM: invalid mailbox name
[0827/160701:ERROR:gles2_cmd_decoder.cc(7857)] [.CommandBufferContext.DisplayCompositor-1BF1D368]RENDER WARNING: texture bound to texture unit 0 is not renderable. It maybe non-power-of-2 and have incompatible texture filtering.
[0827/160701:ERROR:gles2_cmd_decoder.cc(14683)] [.CommandBufferContext.DisplayCompositor-1BF1D368]GL ERROR :GL_INVALID_OPERATION : glCreateAndConsumeTextureCHROMIUM: invalid mailbox name
[0827/160701:ERROR:gles2_cmd_decoder.cc(7857)] [.CommandBufferContext.DisplayCompositor-1BF1D368]RENDER WARNING: texture bound to texture unit 0 is not renderable. It maybe non-power-of-2 and have incompatible texture filtering.
[0827/160701:ERROR:gles2_cmd_decoder.cc(14683)] [.CommandBufferContext.DisplayCompositor-1BF1D368]GL ERROR :GL_INVALID_OPERATION : glCreateAndConsumeTextureCHROMIUM: invalid mailbox name
[0827/160701:ERROR:gles2_cmd_decoder.cc(7857)] [.CommandBufferContext.DisplayCompositor-1BF1D368]RENDER WARNING: texture bound to texture unit 0 is not renderable. It maybe non-power-of-2 and have incompatible texture filtering.
[0827/160701:ERROR:gles2_cmd_decoder.cc(14683)] [.CommandBufferContext.DisplayCompositor-1BF1D368]GL ERROR :GL_INVALID_OPERATION : glCreateAndConsumeTextureCHROMIUM: invalid mailbox name
[0827/160701:ERROR:gles2_cmd_decoder.cc(7857)] [.CommandBufferContext.DisplayCompositor-1BF1D368]RENDER WARNING: texture bound to texture unit 0 is not renderable. It maybe non-power-of-2 and have incompatible texture filtering.
[0827/160701:ERROR:gles2_cmd_decoder.cc(14683)] [.CommandBufferContext.DisplayCompositor-1BF1D368]GL ERROR :GL_INVALID_OPERATION : glCreateAndConsumeTextureCHROMIUM: invalid mailbox name
[0827/160701:ERROR:gles2_cmd_decoder.cc(7857)] [.CommandBufferContext.DisplayCompositor-1BF1D368]RENDER WARNING: texture bound to texture unit 0 is not renderable. It maybe non-power-of-2 and have incompatible texture filtering.
[0827/160701:ERROR:gles2_cmd_decoder.cc(14683)] [.CommandBufferContext.DisplayCompositor-1BF1D368]GL ERROR :GL_INVALID_OPERATION : glCreateAndConsumeTextureCHROMIUM: invalid mailbox name
[0827/160701:ERROR:gles2_cmd_decoder.cc(7857)] [.CommandBufferContext.DisplayCompositor-1BF1D368]RENDER WARNING: texture bound to texture unit 0 is not renderable. It maybe non-power-of-2 and have incompatible texture filtering.
[0827/160701:ERROR:gles2_cmd_decoder.cc(14683)] [.CommandBufferContext.DisplayCompositor-1BF1D368]GL ERROR :GL_INVALID_OPERATION : glCreateAndConsumeTextureCHROMIUM: invalid mailbox name
[0827/160701:ERROR:gles2_cmd_decoder.cc(7857)] [.CommandBufferContext.DisplayCompositor-1BF1D368]RENDER WARNING: texture bound to texture unit 0 is not renderable. It maybe non-power-of-2 and have incompatible texture filtering.
[0827/160701:ERROR:gles2_cmd_decoder.cc(14683)] [.CommandBufferContext.DisplayCompositor-1BF1D368]GL ERROR :GL_INVALID_OPERATION : glCreateAndConsumeTextureCHROMIUM: invalid mailbox name
[0827/160701:ERROR:gles2_cmd_decoder.cc(7857)] [.CommandBufferContext.DisplayCompositor-1BF1D368]RENDER WARNING: texture bound to texture unit 0 is not renderable. It maybe non-power-of-2 and have incompatible texture filtering.
[0827/160701:ERROR:gles2_cmd_decoder.cc(14683)] [.CommandBufferContext.DisplayCompositor-1BF1D368]GL ERROR :GL_INVALID_OPERATION : glCreateAndConsumeTextureCHROMIUM: invalid mailbox name
[0827/160701:ERROR:gles2_cmd_decoder.cc(7857)] [.CommandBufferContext.DisplayCompositor-1BF1D368]RENDER WARNING: texture bound to texture unit 0 is not renderable. It maybe non-power-of-2 and have incompatible texture filtering.
[0827/160701:ERROR:gles2_cmd_decoder.cc(14683)] [.CommandBufferContext.DisplayCompositor-1BF1D368]GL ERROR :GL_INVALID_OPERATION : glCreateAndConsumeTextureCHROMIUM: invalid mailbox name
[0827/160701:ERROR:gles2_cmd_decoder.cc(7857)] [.CommandBufferContext.DisplayCompositor-1BF1D368]RENDER WARNING: texture bound to texture unit 0 is not renderable. It maybe non-power-of-2 and have incompatible texture filtering.
[0827/160701:ERROR:gles2_cmd_decoder.cc(14683)] [.CommandBufferContext.DisplayCompositor-1BF1D368]GL ERROR :GL_INVALID_OPERATION : glCreateAndConsumeTextureCHROMIUM: invalid mailbox name
[0827/160701:ERROR:gles2_cmd_decoder.cc(7857)] [.CommandBufferContext.DisplayCompositor-1BF1D368]RENDER WARNING: texture bound to texture unit 0 is not renderable. It maybe non-power-of-2 and have incompatible texture filtering.
[0827/160701:ERROR:gles2_cmd_decoder.cc(14683)] [.CommandBufferContext.DisplayCompositor-1BF1D368]GL ERROR :GL_INVALID_OPERATION : glCreateAndConsumeTextureCHROMIUM: invalid mailbox name
[0827/160701:ERROR:gles2_cmd_decoder.cc(7857)] [.CommandBufferContext.DisplayCompositor-1BF1D368]RENDER WARNING: texture bound to texture unit 0 is not renderable. It maybe non-power-of-2 and have incompatible texture filtering.
[0827/160701:ERROR:gles2_cmd_decoder.cc(14683)] [.CommandBufferContext.DisplayCompositor-1BF1D368]GL ERROR :GL_INVALID_OPERATION : glCreateAndConsumeTextureCHROMIUM: invalid mailbox name
[0827/160701:ERROR:gles2_cmd_decoder.cc(7857)] [.CommandBufferContext.DisplayCompositor-1BF1D368]RENDER WARNING: texture bound to texture unit 0 is not renderable. It maybe non-power-of-2 and have incompatible texture filtering.
[0827/160701:ERROR:gles2_cmd_decoder.cc(14683)] [.CommandBufferContext.DisplayCompositor-1BF1D368]GL ERROR :GL_INVALID_OPERATION : glCreateAndConsumeTextureCHROMIUM: invalid mailbox name
[0827/160701:ERROR:gles2_cmd_decoder.cc(7857)] [.CommandBufferContext.DisplayCompositor-1BF1D368]RENDER WARNING: texture bound to texture unit 0 is not renderable. It maybe non-power-of-2 and have incompatible texture filtering.
[0827/160701:ERROR:gles2_cmd_decoder.cc(14683)] [.CommandBufferContext.DisplayCompositor-1BF1D368]GL ERROR :GL_INVALID_OPERATION : glCreateAndConsumeTextureCHROMIUM: invalid mailbox name
[0827/160701:ERROR:gles2_cmd_decoder.cc(7857)] [.CommandBufferContext.DisplayCompositor-1BF1D368]RENDER WARNING: texture bound to texture unit 0 is not renderable. It maybe non-power-of-2 and have incompatible texture filtering.
[0827/160701:ERROR:gles2_cmd_decoder.cc(14683)] [.CommandBufferContext.DisplayCompositor-1BF1D368]GL ERROR :GL_INVALID_OPERATION : glCreateAndConsumeTextureCHROMIUM: invalid mailbox name
[0827/160701:ERROR:gles2_cmd_decoder.cc(7857)] [.CommandBufferContext.DisplayCompositor-1BF1D368]RENDER WARNING: texture bound to texture unit 0 is not renderable. It maybe non-power-of-2 and have incompatible texture filtering.
[0827/160701:ERROR:gles2_cmd_decoder.cc(14683)] [.CommandBufferContext.DisplayCompositor-1BF1D368]GL ERROR :GL_INVALID_OPERATION : glCreateAndConsumeTextureCHROMIUM: invalid mailbox name
[0827/160701:ERROR:gles2_cmd_decoder.cc(7857)] [.CommandBufferContext.DisplayCompositor-1BF1D368]RENDER WARNING: texture bound to texture unit 0 is not renderable. It maybe non-power-of-2 and have incompatible texture filtering.
[0827/160701:ERROR:gles2_cmd_decoder.cc(14683)] [.CommandBufferContext.DisplayCompositor-1BF1D368]GL ERROR :GL_INVALID_OPERATION : glCreateAndConsumeTextureCHROMIUM: invalid mailbox name
[0827/160701:ERROR:gles2_cmd_decoder.cc(7857)] [.CommandBufferContext.DisplayCompositor-1BF1D368]RENDER WARNING: texture bound to texture unit 0 is not renderable. It maybe non-power-of-2 and have incompatible texture filtering.
[0827/160701:ERROR:gles2_cmd_decoder.cc(14683)] [.CommandBufferContext.DisplayCompositor-1BF1D368]GL ERROR :GL_INVALID_OPERATION : glCreateAndConsumeTextureCHROMIUM: invalid mailbox name
[0827/160701:ERROR:gles2_cmd_decoder.cc(7857)] [.CommandBufferContext.DisplayCompositor-1BF1D368]RENDER WARNING: texture bound to texture unit 0 is not renderable. It maybe non-power-of-2 and have incompatible texture filtering.
[0827/160701:ERROR:gles2_cmd_decoder.cc(14683)] [.CommandBufferContext.DisplayCompositor-1BF1D368]GL ERROR :GL_INVALID_OPERATION : glCreateAndConsumeTextureCHROMIUM: invalid mailbox name
[0827/160701:ERROR:gles2_cmd_decoder.cc(7857)] [.CommandBufferContext.DisplayCompositor-1BF1D368]RENDER WARNING: texture bound to texture unit 0 is not renderable. It maybe non-power-of-2 and have incompatible texture filtering.
[0827/160701:ERROR:gles2_cmd_decoder.cc(14683)] [.CommandBufferContext.DisplayCompositor-1BF1D368]GL ERROR :GL_INVALID_OPERATION : glCreateAndConsumeTextureCHROMIUM: invalid mailbox name
[0827/160701:ERROR:gles2_cmd_decoder.cc(7857)] [.CommandBufferContext.DisplayCompositor-1BF1D368]RENDER WARNING: texture bound to texture unit 0 is not renderable. It maybe non-power-of-2 and have incompatible texture filtering.
[0827/160701:ERROR:gles2_cmd_decoder.cc(14683)] [.CommandBufferContext.DisplayCompositor-1BF1D368]GL ERROR :GL_INVALID_OPERATION : glCreateAndConsumeTextureCHROMIUM: invalid mailbox name
[0827/160701:ERROR:gles2_cmd_decoder.cc(7857)] [.CommandBufferContext.DisplayCompositor-1BF1D368]RENDER WARNING: texture bound to texture unit 0 is not renderable. It maybe non-power-of-2 and have incompatible texture filtering.
[0827/160701:ERROR:gles2_cmd_decoder.cc(14683)] [.CommandBufferContext.DisplayCompositor-1BF1D368]GL ERROR :GL_INVALID_OPERATION : glCreateAndConsumeTextureCHROMIUM: invalid mailbox name
[0827/160701:ERROR:gles2_cmd_decoder.cc(7857)] [.CommandBufferContext.DisplayCompositor-1BF1D368]RENDER WARNING: texture bound to texture unit 0 is not renderable. It maybe non-power-of-2 and have incompatible texture filtering.
[0827/160701:ERROR:gles2_cmd_decoder.cc(14683)] [.CommandBufferContext.DisplayCompositor-1BF1D368]GL ERROR :GL_INVALID_OPERATION : glCreateAndConsumeTextureCHROMIUM: invalid mailbox name
[0827/160701:ERROR:gles2_cmd_decoder.cc(7857)] [.CommandBufferContext.DisplayCompositor-1BF1D368]RENDER WARNING: texture bound to texture unit 0 is not renderable. It maybe non-power-of-2 and have incompatible texture filtering.
[0827/160701:ERROR:gles2_cmd_decoder.cc(14683)] [.CommandBufferContext.DisplayCompositor-1BF1D368]GL ERROR :GL_INVALID_OPERATION : glCreateAndConsumeTextureCHROMIUM: invalid mailbox name
[0827/160701:ERROR:gles2_cmd_decoder.cc(7857)] [.CommandBufferContext.DisplayCompositor-1BF1D368]RENDER WARNING: texture bound to texture unit 0 is not renderable. It maybe non-power-of-2 and have incompatible texture filtering.
[0827/160701:ERROR:gles2_cmd_decoder.cc(14683)] [.CommandBufferContext.DisplayCompositor-1BF1D368]GL ERROR :GL_INVALID_OPERATION : glCreateAndConsumeTextureCHROMIUM: invalid mailbox name
[0827/160701:ERROR:gles2_cmd_decoder.cc(7857)] [.CommandBufferContext.DisplayCompositor-1BF1D368]RENDER WARNING: texture bound to texture unit 0 is not renderable. It maybe non-power-of-2 and have incompatible texture filtering.
[0827/160701:ERROR:gles2_cmd_decoder.cc(14683)] [.CommandBufferContext.DisplayCompositor-1BF1D368]GL ERROR :GL_INVALID_OPERATION : glCreateAndConsumeTextureCHROMIUM: invalid mailbox name
[0827/160701:ERROR:gles2_cmd_decoder.cc(7857)] [.CommandBufferContext.DisplayCompositor-1BF1D368]RENDER WARNING: texture bound to texture unit 0 is not renderable. It maybe non-power-of-2 and have incompatible texture filtering.
[0827/160701:ERROR:gles2_cmd_decoder.cc(14683)] [.CommandBufferContext.DisplayCompositor-1BF1D368]GL ERROR :GL_INVALID_OPERATION : glCreateAndConsumeTextureCHROMIUM: invalid mailbox name
[0827/160701:ERROR:gles2_cmd_decoder.cc(7857)] [.CommandBufferContext.DisplayCompositor-1BF1D368]RENDER WARNING: texture bound to texture unit 0 is not renderable. It maybe non-power-of-2 and have incompatible texture filtering.
[0827/160701:ERROR:gles2_cmd_decoder.cc(14683)] [.CommandBufferContext.DisplayCompositor-1BF1D368]GL ERROR :GL_INVALID_OPERATION : glCreateAndConsumeTextureCHROMIUM: invalid mailbox name
[0827/160701:ERROR:gles2_cmd_decoder.cc(7857)] [.CommandBufferContext.DisplayCompositor-1BF1D368]RENDER WARNING: texture bound to texture unit 0 is not renderable. It maybe non-power-of-2 and have incompatible texture filtering.
[0827/160701:ERROR:gles2_cmd_decoder.cc(14683)] [.CommandBufferContext.DisplayCompositor-1BF1D368]GL ERROR :GL_INVALID_OPERATION : glCreateAndConsumeTextureCHROMIUM: invalid mailbox name
[0827/160701:ERROR:gles2_cmd_decoder.cc(7857)] [.CommandBufferContext.DisplayCompositor-1BF1D368]RENDER WARNING: texture bound to texture unit 0 is not renderable. It maybe non-power-of-2 and have incompatible texture filtering.
[0827/160701:ERROR:gles2_cmd_decoder.cc(14683)] [.CommandBufferContext.DisplayCompositor-1BF1D368]GL ERROR :GL_INVALID_OPERATION : glCreateAndConsumeTextureCHROMIUM: invalid mailbox name
[0827/160701:ERROR:gles2_cmd_decoder.cc(7857)] [.CommandBufferContext.DisplayCompositor-1BF1D368]RENDER WARNING: texture bound to texture unit 0 is not renderable. It maybe non-power-of-2 and have incompatible texture filtering.
[0827/160701:ERROR:gles2_cmd_decoder.cc(14683)] [.CommandBufferContext.DisplayCompositor-1BF1D368]GL ERROR :GL_INVALID_OPERATION : glCreateAndConsumeTextureCHROMIUM: invalid mailbox name
[0827/160701:ERROR:gles2_cmd_decoder.cc(14683)] [.CommandBufferContext.DisplayCompositor-1BF1D368]GL ERROR :GL_INVALID_OPERATION : glCreateAndConsumeTextureCHROMIUM: invalid mailbox name
[0827/160701:ERROR:gles2_cmd_decoder.cc(7857)] [.CommandBufferContext.DisplayCompositor-1BF1D368]RENDER WARNING: texture bound to texture unit 0 is not renderable. It maybe non-power-of-2 and have incompatible texture filtering.
[0827/160701:ERROR:gles2_cmd_decoder.cc(7857)] [.CommandBufferContext.DisplayCompositor-1BF1D368]RENDER WARNING: texture bound to texture unit 0 is not renderable. It maybe non-power-of-2 and have incompatible texture filtering.
[0827/165730:WARNING:quota_manager.cc(1808)] Create directory failed for path
[0827/165730:WARNING:quota_manager.cc(1808)] Create directory failed for path
[0827/165835:ERROR:ipc_channel_win.cc(217)] pipe error: 109
[0827/170652:WARNING:quota_manager.cc(1808)] Create directory failed for path
[0827/170652:WARNING:quota_manager.cc(1808)] Create directory failed for path
[0827/171245:WARNING:quota_manager.cc(1808)] Create directory failed for path
[0827/171245:WARNING:quota_manager.cc(1808)] Create directory failed for path
[0827/171346:ERROR:ipc_channel_win.cc(217)] pipe error: 109
[0827/171924:WARNING:quota_manager.cc(1808)] Create directory failed for path
[0827/171924:WARNING:quota_manager.cc(1808)] Create directory failed for path
[0827/172024:WARNING:quota_manager.cc(1808)] Create directory failed for path
[0827/172024:WARNING:quota_manager.cc(1808)] Create directory failed for path
[0827/172024:WARNING:quota_manager.cc(1808)] Create directory failed for path
[0827/172024:WARNING:quota_manager.cc(1808)] Create directory failed for path
[0827/172024:WARNING:quota_manager.cc(1808)] Create directory failed for path
[0827/172024:WARNING:quota_manager.cc(1808)] Create directory failed for path
[0827/172024:WARNING:quota_manager.cc(1808)] Create directory failed for path
[0827/172024:WARNING:quota_manager.cc(1808)] Create directory failed for path
[0827/172024:WARNING:quota_manager.cc(1808)] Create directory failed for path
[0827/172024:WARNING:quota_manager.cc(1808)] Create directory failed for path
[0827/172024:WARNING:quota_manager.cc(1808)] Create directory failed for path
[0827/172024:WARNING:quota_manager.cc(1808)] Create directory failed for path
[0827/172024:WARNING:quota_manager.cc(1808)] Create directory failed for path
[0827/172041:ERROR:ipc_channel_win.cc(217)] pipe error: 109
[0827/172502:WARNING:quota_manager.cc(1808)] Create directory failed for path
[0827/172502:WARNING:quota_manager.cc(1808)] Create directory failed for path
[0827/173200:WARNING:quota_manager.cc(1808)] Create directory failed for path
[0827/173200:WARNING:quota_manager.cc(1808)] Create directory failed for path
[0828/105323:WARNING:quota_manager.cc(1808)] Create directory failed for path
[0828/105323:WARNING:quota_manager.cc(1808)] Create directory failed for path
[0828/105637:WARNING:quota_manager.cc(1808)] Create directory failed for path
[0828/105637:WARNING:quota_manager.cc(1808)] Create directory failed for path
[0927/145315:WARNING:quota_manager.cc(1808)] Create directory failed for path
[0927/145315:WARNING:quota_manager.cc(1808)] Create directory failed for path
[0927/145530:ERROR:ipc_channel_win.cc(217)] pipe error: 109
[1011/105451:WARNING:quota_manager.cc(1808)] Create directory failed for path
[1011/105451:WARNING:quota_manager.cc(1808)] Create directory failed for path
[1011/121607:WARNING:quota_manager.cc(1808)] Create directory failed for path
[1011/121607:WARNING:quota_manager.cc(1808)] Create directory failed for path
[1011/121628:ERROR:ipc_channel_win.cc(519)] pipe error: 232
[1011/121628:WARNING:audio_sync_reader.cc(132)] AudioSyncReader::Read timed out, audio glitch count=1
[1011/121702:WARNING:quota_manager.cc(1808)] Create directory failed for path
[1011/121702:WARNING:quota_manager.cc(1808)] Create directory failed for path
[1011/121847:ERROR:browser_host_impl.cc(1517)] Invalid URL passed to CefBrowserHostImpl::LoadURL: browser.BringToFront();
[1011/121922:WARNING:quota_manager.cc(1808)] Create directory failed for path
[1011/121922:WARNING:quota_manager.cc(1808)] Create directory failed for path
[1011/121937:ERROR:ipc_channel_win.cc(519)] pipe error: 232
[1011/121937:WARNING:audio_sync_reader.cc(132)] AudioSyncReader::Read timed out, audio glitch count=1
[1011/122559:ERROR:ipc_channel_win.cc(217)] pipe error: 109
[1011/131336:WARNING:quota_manager.cc(1808)] Create directory failed for path
[1011/131336:WARNING:quota_manager.cc(1808)] Create directory failed for path
[1011/131337:ERROR:ipc_channel_win.cc(519)] pipe error: 232
[1016/144944:ERROR:ipc_channel_win.cc(217)] pipe error: 109
[1016/162404:WARNING:quota_manager.cc(1808)] Create directory failed for path
[1016/162404:WARNING:quota_manager.cc(1808)] Create directory failed for path
[1016/162452:ERROR:ipc_channel_win.cc(519)] pipe error: 232
[1016/164437:ERROR:ipc_channel_win.cc(217)] pipe error: 109
[1016/165404:ERROR:ipc_channel_win.cc(217)] pipe error: 109
[1016/170354:WARNING:quota_manager.cc(1808)] Create directory failed for path
[1016/170354:WARNING:quota_manager.cc(1808)] Create directory failed for path
[1016/170405:WARNING:quota_manager.cc(1808)] Create directory failed for path
[1016/170405:WARNING:quota_manager.cc(1808)] Create directory failed for path
[1016/170405:WARNING:quota_manager.cc(1808)] Create directory failed for path
[1016/170405:WARNING:quota_manager.cc(1808)] Create directory failed for path
[1016/170405:WARNING:quota_manager.cc(1808)] Create directory failed for path
[1016/170405:WARNING:quota_manager.cc(1808)] Create directory failed for path
[1016/170405:WARNING:quota_manager.cc(1808)] Create directory failed for path
[1016/170405:WARNING:quota_manager.cc(1808)] Create directory failed for path
[1016/170405:WARNING:quota_manager.cc(1808)] Create directory failed for path
[1016/170405:WARNING:quota_manager.cc(1808)] Create directory failed for path
[1016/170405:WARNING:quota_manager.cc(1808)] Create directory failed for path
[1016/170405:WARNING:quota_manager.cc(1808)] Create directory failed for path
[1016/170405:WARNING:quota_manager.cc(1808)] Create directory failed for path
[1016/170405:WARNING:quota_manager.cc(1808)] Create directory failed for path
[1016/170405:WARNING:quota_manager.cc(1808)] Create directory failed for path
[1016/170405:WARNING:quota_manager.cc(1808)] Create directory failed for path
[1016/170405:WARNING:quota_manager.cc(1808)] Create directory failed for path
[1016/170405:WARNING:quota_manager.cc(1808)] Create directory failed for path
[1016/170405:WARNING:quota_manager.cc(1808)] Create directory failed for path
[1016/170405:WARNING:quota_manager.cc(1808)] Create directory failed for path
[1016/170405:WARNING:quota_manager.cc(1808)] Create directory failed for path
[1016/170405:WARNING:quota_manager.cc(1808)] Create directory failed for path
[1016/170405:WARNING:quota_manager.cc(1808)] Create directory failed for path
[1016/170405:WARNING:quota_manager.cc(1808)] Create directory failed for path
[1016/170405:WARNING:quota_manager.cc(1808)] Create directory failed for path
[1016/170405:WARNING:quota_manager.cc(1808)] Create directory failed for path
[1016/170405:WARNING:quota_manager.cc(1808)] Create directory failed for path
[1016/170405:WARNING:quota_manager.cc(1808)] Create directory failed for path
[1016/170405:WARNING:quota_manager.cc(1808)] Create directory failed for path
[1016/170405:WARNING:quota_manager.cc(1808)] Create directory failed for path
[1016/170405:WARNING:quota_manager.cc(1808)] Create directory failed for path
[1016/170405:WARNING:quota_manager.cc(1808)] Create directory failed for path
[1016/170405:WARNING:quota_manager.cc(1808)] Create directory failed for path
[1016/170405:WARNING:quota_manager.cc(1808)] Create directory failed for path
[1016/170405:WARNING:quota_manager.cc(1808)] Create directory failed for path
[1016/170405:WARNING:quota_manager.cc(1808)] Create directory failed for path
[1016/170405:WARNING:quota_manager.cc(1808)] Create directory failed for path
[1016/170405:WARNING:quota_manager.cc(1808)] Create directory failed for path
[1016/170405:WARNING:quota_manager.cc(1808)] Create directory failed for path
[1016/170405:WARNING:quota_manager.cc(1808)] Create directory failed for path
[1016/170405:WARNING:quota_manager.cc(1808)] Create directory failed for path
[1016/170406:WARNING:quota_manager.cc(1808)] Create directory failed for path
[1016/170406:WARNING:quota_manager.cc(1808)] Create directory failed for path
[1016/170406:WARNING:quota_manager.cc(1808)] Create directory failed for path
[1016/170406:WARNING:quota_manager.cc(1808)] Create directory failed for path
[1016/170406:WARNING:quota_manager.cc(1808)] Create directory failed for path
[1016/170406:WARNING:quota_manager.cc(1808)] Create directory failed for path
[1016/170406:WARNING:quota_manager.cc(1808)] Create directory failed for path
[1016/170406:WARNING:quota_manager.cc(1808)] Create directory failed for path
[1016/170406:WARNING:quota_manager.cc(1808)] Create directory failed for path
[1016/170406:WARNING:quota_manager.cc(1808)] Create directory failed for path
[1016/170406:WARNING:quota_manager.cc(1808)] Create directory failed for path
[1016/170406:WARNING:quota_manager.cc(1808)] Create directory failed for path
[1016/170406:WARNING:quota_manager.cc(1808)] Create directory failed for path
[1016/170406:WARNING:quota_manager.cc(1808)] Create directory failed for path
[1016/170406:WARNING:quota_manager.cc(1808)] Create directory failed for path
[1016/170406:WARNING:quota_manager.cc(1808)] Create directory failed for path
[1016/170406:WARNING:quota_manager.cc(1808)] Create directory failed for path
[1016/170406:WARNING:quota_manager.cc(1808)] Create directory failed for path
[1016/170406:WARNING:quota_manager.cc(1808)] Create directory failed for path
[1016/170406:WARNING:quota_manager.cc(1808)] Create directory failed for path
[1016/170406:WARNING:quota_manager.cc(1808)] Create directory failed for path
[1016/170406:WARNING:quota_manager.cc(1808)] Create directory failed for path
[1016/170407:WARNING:quota_manager.cc(1808)] Create directory failed for path
[1016/170409:WARNING:quota_manager.cc(1808)] Create directory failed for path
[1016/170409:WARNING:quota_manager.cc(1808)] Create directory failed for path
[1016/170409:WARNING:quota_manager.cc(1808)] Create directory failed for path
[1016/170409:WARNING:quota_manager.cc(1808)] Create directory failed for path
[1016/170409:WARNING:quota_manager.cc(1808)] Create directory failed for path
[1016/170409:WARNING:quota_manager.cc(1808)] Create directory failed for path
[1016/170409:WARNING:quota_manager.cc(1808)] Create directory failed for path
[1016/170409:WARNING:quota_manager.cc(1808)] Create directory failed for path
[1016/170409:WARNING:quota_manager.cc(1808)] Create directory failed for path
[1016/170409:WARNING:quota_manager.cc(1808)] Create directory failed for path
[1016/170409:WARNING:quota_manager.cc(1808)] Create directory failed for path
[1016/170409:WARNING:quota_manager.cc(1808)] Create directory failed for path
[1016/170409:WARNING:quota_manager.cc(1808)] Create directory failed for path
[1016/170409:WARNING:quota_manager.cc(1808)] Create directory failed for path
[1016/170409:WARNING:quota_manager.cc(1808)] Create directory failed for path
[1016/170409:WARNING:quota_manager.cc(1808)] Create directory failed for path
[1016/170409:WARNING:quota_manager.cc(1808)] Create directory failed for path
[1016/170409:WARNING:quota_manager.cc(1808)] Create directory failed for path
[1016/170409:WARNING:quota_manager.cc(1808)] Create directory failed for path
[1016/170409:WARNING:quota_manager.cc(1808)] Create directory failed for path
[1016/170409:WARNING:quota_manager.cc(1808)] Create directory failed for path
[1016/170409:WARNING:quota_manager.cc(1808)] Create directory failed for path
[1016/170410:WARNING:quota_manager.cc(1808)] Create directory failed for path
[1016/170411:WARNING:quota_manager.cc(1808)] Create directory failed for path
[1016/170411:WARNING:quota_manager.cc(1808)] Create directory failed for path
[1016/170411:WARNING:quota_manager.cc(1808)] Create directory failed for path
[1016/170411:WARNING:quota_manager.cc(1808)] Create directory failed for path
[1016/170411:WARNING:quota_manager.cc(1808)] Create directory failed for path
[1016/170412:WARNING:quota_manager.cc(1808)] Create directory failed for path
[1016/170412:WARNING:quota_manager.cc(1808)] Create directory failed for path
[1016/170413:WARNING:quota_manager.cc(1808)] Create directory failed for path
[1016/170413:WARNING:quota_manager.cc(1808)] Create directory failed for path
[1016/170413:WARNING:quota_manager.cc(1808)] Create directory failed for path
[1016/170413:WARNING:quota_manager.cc(1808)] Create directory failed for path
[1016/170413:WARNING:quota_manager.cc(1808)] Create directory failed for path
[1016/170414:WARNING:quota_manager.cc(1808)] Create directory failed for path
[1016/170414:WARNING:quota_manager.cc(1808)] Create directory failed for path
[1016/170414:WARNING:quota_manager.cc(1808)] Create directory failed for path
[1016/170414:WARNING:quota_manager.cc(1808)] Create directory failed for path
[1016/170414:WARNING:quota_manager.cc(1808)] Create directory failed for path
[1016/170417:WARNING:quota_manager.cc(1808)] Create directory failed for path
[1016/170417:WARNING:quota_manager.cc(1808)] Create directory failed for path
[1016/170417:WARNING:quota_manager.cc(1808)] Create directory failed for path
[1016/170417:WARNING:quota_manager.cc(1808)] Create directory failed for path
[1016/170417:WARNING:quota_manager.cc(1808)] Create directory failed for path
[1016/170417:WARNING:quota_manager.cc(1808)] Create directory failed for path
[1016/170417:WARNING:quota_manager.cc(1808)] Create directory failed for path
[1016/170417:WARNING:quota_manager.cc(1808)] Create directory failed for path
[1016/170417:WARNING:quota_manager.cc(1808)] Create directory failed for path
[1016/170417:WARNING:quota_manager.cc(1808)] Create directory failed for path
[1016/170417:WARNING:quota_manager.cc(1808)] Create directory failed for path
[1016/170417:WARNING:quota_manager.cc(1808)] Create directory failed for path
[1016/170417:WARNING:quota_manager.cc(1808)] Create directory failed for path
[1016/170417:WARNING:quota_manager.cc(1808)] Create directory failed for path
[1016/170417:WARNING:quota_manager.cc(1808)] Create directory failed for path
[1016/170417:WARNING:quota_manager.cc(1808)] Create directory failed for path
[1016/170422:WARNING:quota_manager.cc(1808)] Create directory failed for path
[1016/170422:ERROR:render_media_log.cc(23)] MediaEvent: PIPELINE_ERROR demuxer: could not open
[1016/170422:ERROR:render_media_log.cc(23)] MediaEvent: PIPELINE_ERROR demuxer: could not open
[1016/170425:WARNING:quota_manager.cc(1808)] Create directory failed for path
[1016/170426:WARNING:quota_manager.cc(1808)] Create directory failed for path
[1016/170426:WARNING:quota_manager.cc(1808)] Create directory failed for path
[1016/170427:WARNING:quota_manager.cc(1808)] Create directory failed for path
[1016/170427:WARNING:quota_manager.cc(1808)] Create directory failed for path
[1016/170427:WARNING:quota_manager.cc(1808)] Create directory failed for path
[1016/170427:WARNING:quota_manager.cc(1808)] Create directory failed for path
[1016/170427:WARNING:quota_manager.cc(1808)] Create directory failed for path
[1016/170427:WARNING:quota_manager.cc(1808)] Create directory failed for path
[1016/170427:WARNING:quota_manager.cc(1808)] Create directory failed for path
[1016/170427:WARNING:quota_manager.cc(1808)] Create directory failed for path
[1016/170427:WARNING:quota_manager.cc(1808)] Create directory failed for path
[1016/170428:WARNING:quota_manager.cc(1808)] Create directory failed for path
[1016/170428:WARNING:quota_manager.cc(1808)] Create directory failed for path
[1016/170428:WARNING:quota_manager.cc(1808)] Create directory failed for path
[1016/183138:ERROR:ipc_channel_win.cc(482)] pipe error: 109
[1016/183138:ERROR:ipc_channel_win.cc(217)] pipe error: 109
[1016/183835:WARNING:quota_manager.cc(1808)] Create directory failed for path
[1016/183835:WARNING:quota_manager.cc(1808)] Create directory failed for path
[1016/184039:ERROR:audio_output_device.cc(369)] IO loop going away before the audio device has been stopped
[1017/104855:WARNING:quota_manager.cc(1808)] Create directory failed for path
[1017/104855:WARNING:quota_manager.cc(1808)] Create directory failed for path
[1028/123412:ERROR:ipc_channel_win.cc(217)] pipe error: 109
[1028/123412:ERROR:ipc_channel_win.cc(217)] pipe error: 109
[0901/122237:ERROR:ipc_channel_win.cc(519)] pipe error: 232
[0901/122254:ERROR:ipc_channel_win.cc(519)] pipe error: 232
[0901/122824:ERROR:ipc_channel_win.cc(519)] pipe error: 232
[0901/123149:ERROR:ipc_channel_win.cc(519)] pipe error: 232
[0901/123157:ERROR:ipc_channel_win.cc(519)] pipe error: 232
[0901/123235:ERROR:ipc_channel_win.cc(519)] pipe error: 232
